[   17.701838] Bluetooth: Core ver 2.22
[   17.701849] NET: Registered PF_BLUETOOTH protocol family
[   17.701850] Bluetooth: HCI device and connection manager initialized
[   17.701851] Bluetooth: HCI socket layer initialized
[   17.701853] Bluetooth: L2CAP socket layer initialized
[   17.701854] Bluetooth: SCO socket layer initialized
[   17.883981] Bluetooth: hci0: Device revision is 0
[   17.883993] Bluetooth: hci0: Secure boot is enabled
[   17.883998] Bluetooth: hci0: OTP lock is enabled
[   17.884001] Bluetooth: hci0: API lock is enabled
[   17.884003] Bluetooth: hci0: Debug lock is disabled
[   17.884006] Bluetooth: hci0: Minimum firmware build 1 week 10 2014
[   17.884016] Bluetooth: hci0: Bootloader timestamp 2019.40 buildtype 1 build 38
[   17.884020] Bluetooth: hci0: No support for _PRR ACPI method
[   17.887123] Bluetooth: hci0: Found device firmware: intel/ibt-1040-0041.sfi
[   17.887130] Bluetooth: hci0: Boot Address: 0x100800
[   17.887131] Bluetooth: hci0: Firmware Version: 120-18.24
[   19.230865] Bluetooth: hci0: Waiting for firmware download to complete
[   19.231771] Bluetooth: hci0: Firmware loaded in 1313129 usecs
[   19.231961] Bluetooth: hci0: Waiting for device to boot
[   19.247719] Bluetooth: hci0: Malformed MSFT vendor event: 0x02
[   19.247723] Bluetooth: hci0: Device booted in 15540 usecs
[   19.247846] Bluetooth: hci0: Found Intel DDC parameters: intel/ibt-1040-0041.ddc
[   19.249758] Bluetooth: hci0: Applying Intel DDC parameters completed
[   19.252858] Bluetooth: hci0: Firmware timestamp 2024.18 buildtype 1 build 81528
[   19.252872] Bluetooth: hci0: Firmware SHA1: 0xa8bb3f39
[   19.256849] Bluetooth: hci0: Fseq status: Success (0x00)
[   19.256861] Bluetooth: hci0: Fseq executed: 00.00.02.41
[   19.256867] Bluetooth: hci0: Fseq BT Top: 00.00.02.41
[   21.107674] Bluetooth: BNEP (Ethernet Emulation) ver 1.3
[   21.107685] Bluetooth: BNEP filters: protocol multicast
[   21.107688] Bluetooth: BNEP socket layer initialized
[   21.108319] Bluetooth: MGMT ver 1.22
[   31.079819] Bluetooth: RFCOMM TTY layer initialized
[   31.079826] Bluetooth: RFCOMM socket layer initialized
[   31.079830] Bluetooth: RFCOMM ver 1.11
[ 4869.847726] Bluetooth: hci0: Hardware error 0x0c
[ 4869.861961] Bluetooth: hci0: Retrieving Intel exception info failed (-16)
[ 6040.855622] Bluetooth: hci0: Hardware error 0x0c
[ 6040.868666] Bluetooth: hci0: Retrieving Intel exception info failed (-16)
[ 6712.234683] Bluetooth: hci0: Hardware error 0x0c
[ 6712.248817] Bluetooth: hci0: Retrieving Intel exception info failed (-16)
[ 7705.583754] Bluetooth: hci0: Hardware error 0x0c
[ 7705.597789] Bluetooth: hci0: Retrieving Intel exception info failed (-16)
[12844.755800] Bluetooth: hci0: Hardware error 0x0c
[12844.769947] Bluetooth: hci0: Retrieving Intel exception info failed (-16)
