00:00.0 Host bridge: Intel Corporation Device a702 (rev 01)
00:01.0 PCI bridge: Intel Corporation Raptor Lake PCI Express 5.0 Graphics Port (PEG010) (rev 01)
00:01.1 PCI bridge: Intel Corporation Device a72d (rev 01)
00:02.0 VGA compatible controller: Intel Corporation Raptor Lake-S UHD Graphics (rev 04)
00:0a.0 Signal processing controller: Intel Corporation Raptor Lake Crashlog and Telemetry (rev 01)
00:14.0 USB controller: Intel Corporation Raptor Lake USB 3.2 Gen 2x2 (20 Gb/s) XHCI Host Controller (rev 11)
00:14.2 RAM memory: Intel Corporation Raptor Lake-S PCH Shared SRAM (rev 11)
00:14.3 Network controller: Intel Corporation Raptor Lake-S PCH CNVi WiFi (rev 11)
00:15.0 Serial bus controller: Intel Corporation Raptor Lake Serial IO I2C Host Controller #0 (rev 11)
00:15.1 Serial bus controller: Intel Corporation Raptor Lake Serial IO I2C Host Controller #1 (rev 11)
00:1c.0 PCI bridge: Intel Corporation Device 7a3e (rev 11)
00:1d.0 PCI bridge: Intel Corporation Raptor Lake PCI Express Root Port #9 (rev 11)
00:1f.0 ISA bridge: Intel Corporation Device 7a0c (rev 11)
00:1f.3 Audio device: Intel Corporation Raptor Lake High Definition Audio Controller (rev 11)
00:1f.4 SMBus: Intel Corporation Raptor Lake-S PCH SMBus Controller (rev 11)
00:1f.5 Serial bus controller: Intel Corporation Raptor Lake SPI (flash) Controller (rev 11)
01:00.0 Non-Volatile memory controller: Samsung Electronics Co Ltd NVMe SSD Controller S4LV008[Pascal]
02:00.0 VGA compatible controller: NVIDIA Corporation GN21-X11 (rev a1)
02:00.1 Audio device: NVIDIA Corporation Device 22bb (rev a1)
03:00.0 Ethernet controller: Intel Corporation Device 3102 (rev 04)
04:00.0 PCI bridge: Intel Corporation Thunderbolt 4 Bridge [Maple Ridge 4C 2020] (rev 02)
05:00.0 PCI bridge: Intel Corporation Thunderbolt 4 Bridge [Maple Ridge 4C 2020] (rev 02)
05:01.0 PCI bridge: Intel Corporation Thunderbolt 4 Bridge [Maple Ridge 4C 2020] (rev 02)
05:02.0 PCI bridge: Intel Corporation Thunderbolt 4 Bridge [Maple Ridge 4C 2020] (rev 02)
05:03.0 PCI bridge: Intel Corporation Thunderbolt 4 Bridge [Maple Ridge 4C 2020] (rev 02)
06:00.0 USB controller: Intel Corporation Thunderbolt 4 NHI [Maple Ridge 4C 2020]
28:00.0 USB controller: Intel Corporation Thunderbolt 4 USB Controller [Maple Ridge 4C 2020]
